build/outputs/logs/manifest-merger-debug-report.txt
-- Merging decision tree log ---
manifest
ADDED from src/main/AndroidManifest.xml:2:1-21:12
INJECTED from src/main/AndroidManifest.xml:2:1-21:12
INJECTED from src/main/AndroidManifest.xml:2:1-21:12
INJECTED from src/main/AndroidManifest.xml:2:1-21:12
INJECTED from src/main/AndroidManifest.xml:2:1-21:12
INJECTED from src/main/AndroidManifest.xml:2:1-21:12
INJECTED from src/main/AndroidManifest.xml:2:1-21:12
	package
		ADDED from src/main/AndroidManifest.xml:3:5-38
		INJECTED from src/main/AndroidManifest.xml
		INJECTED from src/main/AndroidManifest.xml
	android:versionName
		INJECTED from src/main/AndroidManifest.xml
		ADDED from src/main/AndroidManifest.xml:2:1-21:12
		INJECTED from src/main/AndroidManifest.xml
	android:versionCode
		INJECTED from src/main/AndroidManifest.xml
		ADDED from src/main/AndroidManifest.xml:2:1-21:12
		INJECTED from src/main/AndroidManifest.xml
	xmlns:android
		ADDED from src/main/AndroidManifest.xml:2:11-69
uses-permission#android.permission.SYSTEM_ALERT_WINDOW
ADDED from src/main/AndroidManifest.xml:4:5-78
	android:name
		ADDED from src/main/AndroidManifest.xml:4:22-75
application
ADDED from src/main/AndroidManifest.xml:6:5-20:19
activity#com.hxf.request.Monitor.activity.RequestDetailActivity
ADDED from src/main/AndroidManifest.xml:7:9-9:70
	android:launchMode
		ADDED from src/main/AndroidManifest.xml:8:13-44
	android:taskAffinity
		ADDED from src/main/AndroidManifest.xml:9:13-58
	android:name
		ADDED from src/main/AndroidManifest.xml:7:19-65
service#com.hxf.request.Monitor.service.RequestService
ADDED from src/main/AndroidManifest.xml:11:9-14:39
	android:enabled
		ADDED from src/main/AndroidManifest.xml:13:13-35
	android:exported
		ADDED from src/main/AndroidManifest.xml:14:13-36
	android:name
		ADDED from src/main/AndroidManifest.xml:12:13-51
activity#com.hxf.request.Monitor.activity.RequestListActivity
ADDED from src/main/AndroidManifest.xml:16:9-19:61
	android:launchMode
		ADDED from src/main/AndroidManifest.xml:18:13-44
	android:taskAffinity
		ADDED from src/main/AndroidManifest.xml:19:13-58
	android:name
		ADDED from src/main/AndroidManifest.xml:17:13-57
uses-sdk
INJECTED from src/main/AndroidManifest.xml reason: use-sdk injection requested
INJECTED from src/main/AndroidManifest.xml
INJECTED from src/main/AndroidManifest.xml
INJECTED from src/main/AndroidManifest.xml
INJECTED from src/main/AndroidManifest.xml
	android:targetSdkVersion
		INJECTED from src/main/AndroidManifest.xml
		ADDED from src/main/AndroidManifest.xml
		INJECTED from src/main/AndroidManifest.xml
	android:minSdkVersion
		INJECTED from src/main/AndroidManifest.xml
		ADDED from src/main/AndroidManifest.xml
		INJECTED from src/main/AndroidManifest.xml